Release 9.2i - xst J.36
Copyright (c) 1995-2007 Xilinx, Inc.  All rights reserved.
--> Parameter TMPDIR set to ./xst/projnav.tmp
CPU : 0.00 / 0.25 s | Elapsed : 0.00 / 0.00 s
 
--> Parameter xsthdpdir set to ./xst
CPU : 0.00 / 0.25 s | Elapsed : 0.00 / 0.00 s
 
--> Reading design: buzzer_jeu.prj

TABLE OF CONTENTS
  1) Synthesis Options Summary
  2) HDL Compilation
  3) Design Hierarchy Analysis
  4) HDL Analysis
  5) HDL Synthesis
     5.1) HDL Synthesis Report
  6) Advanced HDL Synthesis
     6.1) Advanced HDL Synthesis Report
  7) Low Level Synthesis
  8) Partition Report
  9) Final Report
     9.1) Device utilization summary
     9.2) Partition Resource Summary
     9.3) TIMING REPORT


=========================================================================
*                      Synthesis Options Summary                        *
=========================================================================
---- Source Parameters
Input File Name                    : "buzzer_jeu.prj"
Input Format                       : mixed
Ignore Synthesis Constraint File   : NO

---- Target Parameters
Output File Name                   : "buzzer_jeu"
Output Format                      : NGC
Target Device                      : xc3s400-5-ft256

---- Source Options
Top Module Name                    : buzzer_jeu
Automatic FSM Extraction           : YES
FSM Encoding Algorithm             : Auto
Safe Implementation                : No
FSM Style                          : lut
RAM Extraction                     : Yes
RAM Style                          : Auto
ROM Extraction                     : Yes
Mux Style                          : Auto
Decoder Extraction                 : YES
Priority Encoder Extraction        : YES
Shift Register Extraction          : YES
Logical Shifter Extraction         : YES
XOR Collapsing                     : YES
ROM Style                          : Auto
Mux Extraction                     : YES
Resource Sharing                   : YES
Asynchronous To Synchronous        : NO
Multiplier Style                   : auto
Automatic Register Balancing       : No

---- Target Options
Add IO Buffers                     : YES
Global Maximum Fanout              : 500
Add Generic Clock Buffer(BUFG)     : 8
Register Duplication               : YES
Slice Packing                      : YES
Optimize Instantiated Primitives   : NO
Use Clock Enable                   : Yes
Use Synchronous Set                : Yes
Use Synchronous Reset              : Yes
Pack IO Registers into IOBs        : auto
Equivalent register Removal        : YES

---- General Options
Optimization Goal                  : Speed
Optimization Effort                : 1
Library Search Order               : buzzer_jeu.lso
Keep Hierarchy                     : NO
RTL Output                         : Yes
Global Optimization                : AllClockNets
Read Cores                         : YES
Write Timing Constraints           : NO
Cross Clock Analysis               : NO
Hierarchy Separator                : /
Bus Delimiter                      : <>
Case Specifier                     : maintain
Slice Utilization Ratio            : 100
BRAM Utilization Ratio             : 100
Verilog 2001                       : YES
Auto BRAM Packing                  : NO
Slice Utilization Ratio Delta      : 5

=========================================================================


=========================================================================
*                          HDL Compilation                              *
=========================================================================
Compiling vhdl file "C:/Xilinx92i/D/exercice1/JeuBazzer/jeuBazzer.vhd" in Library work.
Architecture behavioral of Entity buzzer_jeu is up to date.

=========================================================================
*                     Design Hierarchy Analysis                         *
=========================================================================
Analyzing hierarchy for entity <buzzer_jeu> in library <work> (architecture <behavioral>).


=========================================================================
*                            HDL Analysis                               *
=========================================================================
Analyzing Entity <buzzer_jeu> in library <work> (Architecture <behavioral>).
WARNING:Xst:819 - "C:/Xilinx92i/D/exercice1/JeuBazzer/jeuBazzer.vhd" line 28: The following signals are missing in the process sensitivity list:
   LOCK.
WARNING:Xst:819 - "C:/Xilinx92i/D/exercice1/JeuBazzer/jeuBazzer.vhd" line 38: The following signals are missing in the process sensitivity list:
   LOCK.
WARNING:Xst:819 - "C:/Xilinx92i/D/exercice1/JeuBazzer/jeuBazzer.vhd" line 48: The following signals are missing in the process sensitivity list:
   LOCK.
Entity <buzzer_jeu> analyzed. Unit <buzzer_jeu> generated.


=========================================================================
*                           HDL Synthesis                               *
=========================================================================

Performing bidirectional port resolution...

Synthesizing Unit <buzzer_jeu>.
    Related source file is "C:/Xilinx92i/D/exercice1/JeuBazzer/jeuBazzer.vhd".
WARNING:Xst:737 - Found 1-bit latch for signal <Q1>.
WARNING:Xst:737 - Found 1-bit latch for signal <Q2>.
WARNING:Xst:737 - Found 1-bit latch for signal <Q3>.
Unit <buzzer_jeu> synthesized.


=========================================================================
HDL Synthesis Report

Macro Statistics
# Latches                                              : 3
 1-bit latch                                           : 3

=========================================================================

=========================================================================
*                       Advanced HDL Synthesis                          *
=========================================================================

Loading device for application Rf_Device from file '3s400.nph' in environment C:\Xilinx92i.

=========================================================================
Advanced HDL Synthesis Report

Macro Statistics
# Latches                                              : 3
 1-bit latch                                           : 3

=========================================================================

=========================================================================
*                         Low Level Synthesis                           *
=========================================================================

Optimizing unit <buzzer_jeu> ...

Mapping all equations...
Building and optimizing final netlist ...
Found area constraint ratio of 100 (+ 5) on block buzzer_jeu, actual ratio is 0.
Latch Q1 has been replicated 1 time(s) to handle iob=true attribute.
Latch Q2 has been replicated 1 time(s) to handle iob=true attribute.
Latch Q3 has been replicated 1 time(s) to handle iob=true attribute.

Final Macro Processing ...

=========================================================================
Final Register Report

Found no macro
=========================================================================

=========================================================================
*                          Partition Report                             *
=========================================================================

Partition Implementation Status
-------------------------------

  No Partitions were found in this design.

-------------------------------

=========================================================================
*                            Final Report                               *
=========================================================================
Final Results
RTL Top Level Output File Name     : buzzer_jeu.ngr
Top Level Output File Name         : buzzer_jeu
Output Format                      : NGC
Optimization Goal                  : Speed
Keep Hierarchy                     : NO

Design Statistics
# IOs                              : 7

Cell Usage :
# BELS                             : 2
#      LUT3                        : 1
#      VCC                         : 1
# FlipFlops/Latches                : 6
#      LDCE_1                      : 6
# IO Buffers                       : 7
#      IBUF                        : 4
#      OBUF                        : 3
=========================================================================

Device utilization summary:
---------------------------

Selected Device : 3s400ft256-5 

 Number of Slices:                       2  out of   3584     0%  
 Number of Slice Flip Flops:             6  out of   7168     0%  
 Number of 4 input LUTs:                 1  out of   7168     0%  
 Number of IOs:                          7
 Number of bonded IOBs:                  7  out of    173     4%  
    IOB Flip Flops:                      3

---------------------------
Partition Resource Summary:
---------------------------

  No Partitions were found in this design.

---------------------------


=========================================================================
TIMING REPORT

NOTE: THESE TIMING NUMBERS ARE ONLY A SYNTHESIS ESTIMATE.
      FOR ACCURATE TIMING INFORMATION PLEASE REFER TO THE TRACE REPORT
      GENERATED AFTER PLACE-and-ROUTE.

Clock Information:
------------------
-----------------------------------+------------------------+-------+
Clock Signal                       | Clock buffer(FF name)  | Load  |
-----------------------------------+------------------------+-------+
LOCK(LOCK1:O)                      | NONE(*)(Q3)            | 6     |
-----------------------------------+------------------------+-------+
(*) This 1 clock signal(s) are generated by combinatorial logic,
and XST is not able to identify which are the primary clock signals.
Please use the CLOCK_SIGNAL constraint to specify the clock signal(s) generated by combinatorial logic.
INFO:Xst:2169 - HDL ADVISOR - Some clock signals were not automatically buffered by XST with BUFG/BUFR resources. Please use the buffer_type constraint in order to insert these buffers to the clock signals to help prevent skew problems.

Asynchronous Control Signals Information:
----------------------------------------
-----------------------------------+------------------------+-------+
Control Signal                     | Buffer(FF name)        | Load  |
-----------------------------------+------------------------+-------+
RST                                | IBUF                   | 6     |
-----------------------------------+------------------------+-------+

Timing Summary:
---------------
Speed Grade: -5

   Minimum period: No path found
   Minimum input arrival time before clock: 1.984ns
   Maximum output required time after clock: 6.141ns
   Maximum combinational path delay: No path found

Timing Detail:
--------------
All values displayed in nanoseconds (ns)

=========================================================================
Timing constraint: Default OFFSET IN BEFORE for Clock 'LOCK'
  Total number of paths / destination ports: 6 / 6
-------------------------------------------------------------------------
Offset:              1.984ns (Levels of Logic = 1)
  Source:            B3 (PAD)
  Destination:       Q3 (LATCH)
  Destination Clock: LOCK rising

  Data Path: B3 to Q3
                                Gate     Net
    Cell:in->out      fanout   Delay   Delay  Logical Name (Net Name)
    ----------------------------------------  ------------
     IBUF:I->O             2   0.715   0.745  B3_IBUF (B3_IBUF)
     LDCE_1:GE                 0.524          Q3
    ----------------------------------------
    Total                      1.984ns (1.239ns logic, 0.745ns route)
                                       (62.4% logic, 37.6% route)

=========================================================================
Timing constraint: Default OFFSET OUT AFTER for Clock 'LOCK'
  Total number of paths / destination ports: 3 / 3
-------------------------------------------------------------------------
Offset:              6.141ns (Levels of Logic = 1)
  Source:            Q1_1 (LATCH)
  Destination:       L1 (PAD)
  Source Clock:      LOCK rising

  Data Path: Q1_1 to L1
                                Gate     Net
    Cell:in->out      fanout   Delay   Delay  Logical Name (Net Name)
    ----------------------------------------  ------------
     LDCE_1:G->Q           1   0.551   0.681  Q1_1 (Q1_1)
     OBUF:I->O                 4.909          L1_OBUF (L1)
    ----------------------------------------
    Total                      6.141ns (5.460ns logic, 0.681ns route)
                                       (88.9% logic, 11.1% route)

=========================================================================
CPU : 3.72 / 4.00 s | Elapsed : 4.00 / 4.00 s
 
--> 

Total memory usage is 138480 kilobytes

Number of errors   :    0 (   0 filtered)
Number of warnings :    6 (   0 filtered)
Number of infos    :    1 (   0 filtered)

